<?xml version="1.0" encoding="UTF-8"?>
<!-- Generated by org.testng.reporters.JUnitReportReporter -->
<testsuite hostname="DESKTOP-TGRDIAA" failures="0" tests="5" name="test1.test1Class" time="16.999" errors="0" timestamp="2024-08-26T15:58:16 IST" skipped="0">
  <testcase classname="test1.test1Class" name="AmityLogo" time="2.425"/>
  <testcase classname="test1.test1Class" name="ProgramButton" time="2.543"/>
  <testcase classname="test1.test1Class" name="CareerServices" time="6.081"/>
  <testcase classname="test1.test1Class" name="AdvantagesButton" time="3.444"/>
  <testcase classname="test1.test1Class" name="SearchButton" time="2.506"/>
</testsuite> <!-- test1.test1Class -->
