<?xml version="1.0" encoding="UTF-8"?>
<!-- Generated by org.testng.reporters.JUnitReportReporter -->
<testsuite hostname="DESKTOP-TGRDIAA" failures="0" tests="2" name="BlogTest.AmityBlog" time="13.209" errors="0" timestamp="2024-07-15T14:31:30 IST" skipped="0">
  <testcase classname="BlogTest.AmityBlog" name="Route" time="0.001"/>
  <testcase classname="BlogTest.AmityBlog" name="BlogEntry" time="13.208"/>
</testsuite> <!-- BlogTest.AmityBlog -->
