<?xml version="1.0" encoding="UTF-8"?>
<!-- Generated by org.testng.reporters.JUnitReportReporter -->
<testsuite hostname="DESKTOP-TGRDIAA" failures="0" tests="5" name="test1.test1Class" time="25.124" errors="0" timestamp="2024-08-18T11:35:46 IST" skipped="0">
  <testcase classname="test1.test1Class" name="AmityLogo" time="4.085"/>
  <testcase classname="test1.test1Class" name="ProgramButton" time="4.028"/>
  <testcase classname="test1.test1Class" name="CareerServices" time="6.897"/>
  <testcase classname="test1.test1Class" name="AdvantagesButton" time="6.145"/>
  <testcase classname="test1.test1Class" name="SearchButton" time="3.969"/>
</testsuite> <!-- test1.test1Class -->
